<?xml version="1.0" encoding="UTF-8"?>
<testng-results skipped="0" failed="0" ignored="0" total="1" passed="1">
  <reporter-output>
  </reporter-output>
  <suite name="Suite" duration-ms="35182" started-at="2020-06-03T15:10:04 IST" finished-at="2020-06-03T15:10:40 IST">
    <groups>
    </groups>
    <test name="Test" duration-ms="35182" started-at="2020-06-03T15:10:04 IST" finished-at="2020-06-03T15:10:40 IST">
      <class name="com.bank99.script.VerifyLoginPage">
        <test-method status="PASS" signature="precondition()[pri:0, instance:com.bank99.script.VerifyLoginPage@47ef968d]" name="precondition" is-config="true" duration-ms="24747" started-at="2020-06-03T15:10:05 IST" finished-at="2020-06-03T15:10:29 IST">
          <reporter-output>
          </reporter-output>
        </test-method> <!-- precondition -->
        <test-method status="PASS" signature="verifyLoginPage()[pri:0, instance:com.bank99.script.VerifyLoginPage@47ef968d]" name="verifyLoginPage" duration-ms="5543" started-at="2020-06-03T15:10:29 IST" finished-at="2020-06-03T15:10:35 IST">
          <reporter-output>
          </reporter-output>
        </test-method> <!-- verifyLoginPage -->
        <test-method status="PASS" signature="postcondition()[pri:0, instance:com.bank99.script.VerifyLoginPage@47ef968d]" name="postcondition" is-config="true" duration-ms="4816" started-at="2020-06-03T15:10:35 IST" finished-at="2020-06-03T15:10:40 IST">
          <reporter-output>
          </reporter-output>
        </test-method> <!-- postcondition -->
      </class> <!-- com.bank99.script.VerifyLoginPage -->
    </test> <!-- Test -->
  </suite> <!-- Suite -->
</testng-results>
